<?xml version="1.0" encoding="UTF-8"?>
<!-- Generated by org.testng.reporters.JUnitReportReporter -->
<testsuite skipped="0" hostname="seljvm" name="com.lambda.qa.testcases.HomePageTest" tests="3" failures="0" timestamp="23 May 2022 12:55:51 GMT" time="32.500" errors="0">
  <testcase name="fillTheform" time="15.819" classname="com.lambda.qa.testcases.HomePageTest"/>
  <testcase name="validateEnteredValue" time="8.564" classname="com.lambda.qa.testcases.HomePageTest"/>
  <testcase name="dragSlider" time="8.117" classname="com.lambda.qa.testcases.HomePageTest"/>
</testsuite> <!-- com.lambda.qa.testcases.HomePageTest -->
